This is XeTeX, Version 3.141592653-2.6-0.999996 (TeX Live 2024) (preloaded format=xelatex 2024.7.10)  17 SEP 2024 16:03
entering extended mode
 restricted \write18 enabled.
 %&-line parsing enabled.
**bookdown-demo.tex
(./bookdown-demo.tex
LaTeX2e <2023-11-01> patch level 1
L3 programming layer <2024-02-20>
(/usr/local/texlive/2024/texmf-dist/tex/latex/base/book.cls
Document Class: book 2023/05/17 v1.4n Standard LaTeX document class
(/usr/local/texlive/2024/texmf-dist/tex/latex/base/bk10.clo
File: bk10.clo 2023/05/17 v1.4n Standard LaTeX file (size option)
)
\c@part=\count184
\c@chapter=\count185
\c@section=\count186
\c@subsection=\count187
\c@subsubsection=\count188
\c@paragraph=\count189
\c@subparagraph=\count190
\c@figure=\count191
\c@table=\count192
\abovecaptionskip=\skip48
\belowcaptionskip=\skip49
\bibindent=\dimen140
) (/usr/local/texlive/2024/texmf-dist/tex/latex/amsmath/amsmath.sty
Package: amsmath 2023/05/13 v2.17o AMS math features
\@mathmargin=\skip50
For additional information on amsmath, use the `?' option.
(/usr/local/texlive/2024/texmf-dist/tex/latex/amsmath/amstext.sty
Package: amstext 2021/08/26 v2.01 AMS text
(/usr/local/texlive/2024/texmf-dist/tex/latex/amsmath/amsgen.sty
File: amsgen.sty 1999/11/30 v2.0 generic functions
\@emptytoks=\toks17
\ex@=\dimen141
)) (/usr/local/texlive/2024/texmf-dist/tex/latex/amsmath/amsbsy.sty
Package: amsbsy 1999/11/29 v1.2d Bold Symbols
\pmbraise@=\dimen142
) (/usr/local/texlive/2024/texmf-dist/tex/latex/amsmath/amsopn.sty
Package: amsopn 2022/04/08 v2.04 operator names
)
\inf@bad=\count193
LaTeX Info: Redefining \frac on input line 234.
\uproot@=\count194
\leftroot@=\count195
LaTeX Info: Redefining \overline on input line 399.
LaTeX Info: Redefining \colon on input line 410.
\classnum@=\count196
\DOTSCASE@=\count197
LaTeX Info: Redefining \ldots on input line 496.
LaTeX Info: Redefining \dots on input line 499.
LaTeX Info: Redefining \cdots on input line 620.
\Mathstrutbox@=\box51
\strutbox@=\box52
LaTeX Info: Redefining \big on input line 722.
LaTeX Info: Redefining \Big on input line 723.
LaTeX Info: Redefining \bigg on input line 724.
LaTeX Info: Redefining \Bigg on input line 725.
\big@size=\dimen143
LaTeX Font Info:    Redeclaring font encoding OML on input line 743.
LaTeX Font Info:    Redeclaring font encoding OMS on input line 744.
\macc@depth=\count198
LaTeX Info: Redefining \bmod on input line 905.
LaTeX Info: Redefining \pmod on input line 910.
LaTeX Info: Redefining \smash on input line 940.
LaTeX Info: Redefining \relbar on input line 970.
LaTeX Info: Redefining \Relbar on input line 971.
\c@MaxMatrixCols=\count199
\dotsspace@=\muskip16
\c@parentequation=\count266
\dspbrk@lvl=\count267
\tag@help=\toks18
\row@=\count268
\column@=\count269
\maxfields@=\count270
\andhelp@=\toks19
\eqnshift@=\dimen144
\alignsep@=\dimen145
\tagshift@=\dimen146
\tagwidth@=\dimen147
\totwidth@=\dimen148
\lineht@=\dimen149
\@envbody=\toks20
\multlinegap=\skip51
\multlinetaggap=\skip52
\mathdisplay@stack=\toks21
LaTeX Info: Redefining \[ on input line 2953.
LaTeX Info: Redefining \] on input line 2954.
) (/usr/local/texlive/2024/texmf-dist/tex/latex/amsfonts/amssymb.sty
Package: amssymb 2013/01/14 v3.01 AMS font symbols
(/usr/local/texlive/2024/texmf-dist/tex/latex/amsfonts/amsfonts.sty
Package: amsfonts 2013/01/14 v3.01 Basic AMSFonts support
\symAMSa=\mathgroup4
\symAMSb=\mathgroup5
LaTeX Font Info:    Redeclaring math symbol \hbar on input line 98.
LaTeX Font Info:    Overwriting math alphabet `\mathfrak' in version `bold'
(Font)                  U/euf/m/n --> U/euf/b/n on input line 106.
)) (/usr/local/texlive/2024/texmf-dist/tex/generic/iftex/iftex.sty
Package: iftex 2022/02/03 v1.0f TeX engine tests
) (/usr/local/texlive/2024/texmf-dist/tex/latex/unicode-math/unicode-math.sty (
/usr/local/texlive/2024/texmf-dist/tex/latex/l3kernel/expl3.sty
Package: expl3 2024-02-20 L3 programming layer (loader) 
(/usr/local/texlive/2024/texmf-dist/tex/latex/l3backend/l3backend-xetex.def
File: l3backend-xetex.def 2024-02-20 L3 backend support: XeTeX
\g__graphics_track_int=\count271
\l__pdf_internal_box=\box53
\g__pdf_backend_object_int=\count272
\g__pdf_backend_annotation_int=\count273
\g__pdf_backend_link_int=\count274
))
Package: unicode-math 2023/08/13 v0.8r Unicode maths in XeLaTeX and LuaLaTeX

(/usr/local/texlive/2024/texmf-dist/tex/latex/unicode-math/unicode-math-xetex.s
ty
Package: unicode-math-xetex 2023/08/13 v0.8r Unicode maths in XeLaTeX and LuaLa
TeX
(/usr/local/texlive/2024/texmf-dist/tex/latex/l3packages/xparse/xparse.sty
Package: xparse 2024-02-18 L3 Experimental document command parser
) (/usr/local/texlive/2024/texmf-dist/tex/latex/l3packages/l3keys2e/l3keys2e.st
y
Package: l3keys2e 2024-02-18 LaTeX2e option processing using LaTeX3 keys
) (/usr/local/texlive/2024/texmf-dist/tex/latex/fontspec/fontspec.sty
Package: fontspec 2024/02/13 v2.9a Font selection for XeLaTeX and LuaLaTeX
(/usr/local/texlive/2024/texmf-dist/tex/latex/fontspec/fontspec-xetex.sty
Package: fontspec-xetex 2024/02/13 v2.9a Font selection for XeLaTeX and LuaLaTe
X
\l__fontspec_script_int=\count275
\l__fontspec_language_int=\count276
\l__fontspec_strnum_int=\count277
\l__fontspec_tmp_int=\count278
\l__fontspec_tmpa_int=\count279
\l__fontspec_tmpb_int=\count280
\l__fontspec_tmpc_int=\count281
\l__fontspec_em_int=\count282
\l__fontspec_emdef_int=\count283
\l__fontspec_strong_int=\count284
\l__fontspec_strongdef_int=\count285
\l__fontspec_tmpa_dim=\dimen150
\l__fontspec_tmpb_dim=\dimen151
\l__fontspec_tmpc_dim=\dimen152
(/usr/local/texlive/2024/texmf-dist/tex/latex/base/fontenc.sty
Package: fontenc 2021/04/29 v2.0v Standard LaTeX package
) (/usr/local/texlive/2024/texmf-dist/tex/latex/fontspec/fontspec.cfg))) (/usr/
local/texlive/2024/texmf-dist/tex/latex/base/fix-cm.sty
Package: fix-cm 2020/11/24 v1.1t fixes to LaTeX
(/usr/local/texlive/2024/texmf-dist/tex/latex/base/ts1enc.def
File: ts1enc.def 2001/06/05 v3.0e (jk/car/fm) Standard LaTeX file
LaTeX Font Info:    Redeclaring font encoding TS1 on input line 47.
))
\g__um_fam_int=\count286
\g__um_fonts_used_int=\count287
\l__um_primecount_int=\count288
\g__um_primekern_muskip=\muskip17

(/usr/local/texlive/2024/texmf-dist/tex/latex/unicode-math/unicode-math-table.t
ex))) (/usr/local/texlive/2024/texmf-dist/tex/latex/lm/lmodern.sty
Package: lmodern 2015/05/01 v1.6.1 Latin Modern Fonts
LaTeX Font Info:    Overwriting symbol font `operators' in version `normal'
(Font)                  OT1/cmr/m/n --> OT1/lmr/m/n on input line 22.
LaTeX Font Info:    Overwriting symbol font `letters' in version `normal'
(Font)                  OML/cmm/m/it --> OML/lmm/m/it on input line 23.
LaTeX Font Info:    Overwriting symbol font `symbols' in version `normal'
(Font)                  OMS/cmsy/m/n --> OMS/lmsy/m/n on input line 24.
LaTeX Font Info:    Overwriting symbol font `largesymbols' in version `normal'
(Font)                  OMX/cmex/m/n --> OMX/lmex/m/n on input line 25.
LaTeX Font Info:    Overwriting symbol font `operators' in version `bold'
(Font)                  OT1/cmr/bx/n --> OT1/lmr/bx/n on input line 26.
LaTeX Font Info:    Overwriting symbol font `letters' in version `bold'
(Font)                  OML/cmm/b/it --> OML/lmm/b/it on input line 27.
LaTeX Font Info:    Overwriting symbol font `symbols' in version `bold'
(Font)                  OMS/cmsy/b/n --> OMS/lmsy/b/n on input line 28.
LaTeX Font Info:    Overwriting symbol font `largesymbols' in version `bold'
(Font)                  OMX/cmex/m/n --> OMX/lmex/m/n on input line 29.
LaTeX Font Info:    Overwriting math alphabet `\mathbf' in version `normal'
(Font)                  OT1/cmr/bx/n --> OT1/lmr/bx/n on input line 31.
LaTeX Font Info:    Overwriting math alphabet `\mathsf' in version `normal'
(Font)                  OT1/cmss/m/n --> OT1/lmss/m/n on input line 32.
LaTeX Font Info:    Overwriting math alphabet `\mathit' in version `normal'
(Font)                  OT1/cmr/m/it --> OT1/lmr/m/it on input line 33.
LaTeX Font Info:    Overwriting math alphabet `\mathtt' in version `normal'
(Font)                  OT1/cmtt/m/n --> OT1/lmtt/m/n on input line 34.
LaTeX Font Info:    Overwriting math alphabet `\mathbf' in version `bold'
(Font)                  OT1/cmr/bx/n --> OT1/lmr/bx/n on input line 35.
LaTeX Font Info:    Overwriting math alphabet `\mathsf' in version `bold'
(Font)                  OT1/cmss/bx/n --> OT1/lmss/bx/n on input line 36.
LaTeX Font Info:    Overwriting math alphabet `\mathit' in version `bold'
(Font)                  OT1/cmr/bx/it --> OT1/lmr/bx/it on input line 37.
LaTeX Font Info:    Overwriting math alphabet `\mathtt' in version `bold'
(Font)                  OT1/cmtt/m/n --> OT1/lmtt/m/n on input line 38.
) (/usr/local/texlive/2024/texmf-dist/tex/latex/upquote/upquote.sty
Package: upquote 2012/04/19 v1.3 upright-quote and grave-accent glyphs in verba
tim
(/usr/local/texlive/2024/texmf-dist/tex/latex/base/textcomp.sty
Package: textcomp 2020/02/02 v2.0n Standard LaTeX package
)) (/usr/local/texlive/2024/texmf-dist/tex/latex/microtype/microtype.sty
Package: microtype 2023/03/13 v3.1a Micro-typographical refinements (RS)
(/usr/local/texlive/2024/texmf-dist/tex/latex/graphics/keyval.sty
Package: keyval 2022/05/29 v1.15 key=value parser (DPC)
\KV@toks@=\toks22
) (/usr/local/texlive/2024/texmf-dist/tex/latex/etoolbox/etoolbox.sty
Package: etoolbox 2020/10/05 v2.5k e-TeX tools for LaTeX (JAW)
\etb@tempcnta=\count289
)
\MT@toks=\toks23
\MT@tempbox=\box54
\MT@count=\count290
LaTeX Info: Redefining \noprotrusionifhmode on input line 1059.
LaTeX Info: Redefining \leftprotrusion on input line 1060.
\MT@prot@toks=\toks24
LaTeX Info: Redefining \rightprotrusion on input line 1078.
LaTeX Info: Redefining \textls on input line 1368.
\MT@outer@kern=\dimen153
LaTeX Info: Redefining \textmicrotypecontext on input line 1988.
\MT@listname@count=\count291
(/usr/local/texlive/2024/texmf-dist/tex/latex/microtype/microtype-xetex.def
File: microtype-xetex.def 2023/03/13 v3.1a Definitions specific to xetex (RS)
LaTeX Info: Redefining \lsstyle on input line 238.
)
Package microtype Info: Loading configuration file microtype.cfg.
(/usr/local/texlive/2024/texmf-dist/tex/latex/microtype/microtype.cfg
File: microtype.cfg 2023/03/13 v3.1a microtype main configuration file (RS)
)) (/usr/local/texlive/2024/texmf-dist/tex/latex/parskip/parskip.sty
Package: parskip 2021-03-14 v2.0h non-zero parskip adjustments
(/usr/local/texlive/2024/texmf-dist/tex/latex/kvoptions/kvoptions.sty
Package: kvoptions 2022-06-15 v3.15 Key value format for package options (HO)
(/usr/local/texlive/2024/texmf-dist/tex/generic/ltxcmds/ltxcmds.sty
Package: ltxcmds 2023-12-04 v1.26 LaTeX kernel commands for general use (HO)
) (/usr/local/texlive/2024/texmf-dist/tex/latex/kvsetkeys/kvsetkeys.sty
Package: kvsetkeys 2022-10-05 v1.19 Key value parser (HO)
))) (/usr/local/texlive/2024/texmf-dist/tex/latex/xcolor/xcolor.sty
Package: xcolor 2023/11/15 v3.01 LaTeX color extensions (UK)
(/usr/local/texlive/2024/texmf-dist/tex/latex/graphics-cfg/color.cfg
File: color.cfg 2016/01/02 v1.6 sample color configuration
)
Package xcolor Info: Driver file: xetex.def on input line 274.
(/usr/local/texlive/2024/texmf-dist/tex/latex/graphics-def/xetex.def
File: xetex.def 2022/09/22 v5.0n Graphics/color driver for xetex
) (/usr/local/texlive/2024/texmf-dist/tex/latex/graphics/mathcolor.ltx)
Package xcolor Info: Model `cmy' substituted by `cmy0' on input line 1350.
Package xcolor Info: Model `RGB' extended on input line 1366.
Package xcolor Info: Model `HTML' substituted by `rgb' on input line 1368.
Package xcolor Info: Model `Hsb' substituted by `hsb' on input line 1369.
Package xcolor Info: Model `tHsb' substituted by `hsb' on input line 1370.
Package xcolor Info: Model `HSB' substituted by `hsb' on input line 1371.
Package xcolor Info: Model `Gray' substituted by `gray' on input line 1372.
Package xcolor Info: Model `wave' substituted by `hsb' on input line 1373.
) (/usr/local/texlive/2024/texmf-dist/tex/latex/fancyvrb/fancyvrb.sty
Package: fancyvrb 2024/01/20 4.5c verbatim text (tvz,hv)
\FV@CodeLineNo=\count292
\FV@InFile=\read2
\FV@TabBox=\box55
\c@FancyVerbLine=\count293
\FV@StepNumber=\count294
\FV@OutFile=\write3
) (/usr/local/texlive/2024/texmf-dist/tex/latex/framed/framed.sty
Package: framed 2011/10/22 v 0.96: framed or shaded text with page breaks
\OuterFrameSep=\skip53
\fb@frw=\dimen154
\fb@frh=\dimen155
\FrameRule=\dimen156
\FrameSep=\dimen157
) (/usr/local/texlive/2024/texmf-dist/tex/latex/tools/longtable.sty
Package: longtable 2023-11-01 v4.19 Multi-page Table package (DPC)
\LTleft=\skip54
\LTright=\skip55
\LTpre=\skip56
\LTpost=\skip57
\LTchunksize=\count295
\LTcapwidth=\dimen158
\LT@head=\box56
\LT@firsthead=\box57
\LT@foot=\box58
\LT@lastfoot=\box59
\LT@gbox=\box60
\LT@cols=\count296
\LT@rows=\count297
\c@LT@tables=\count298
\c@LT@chunks=\count299
\LT@p@ftn=\toks25
) (/usr/local/texlive/2024/texmf-dist/tex/latex/booktabs/booktabs.sty
Package: booktabs 2020/01/12 v1.61803398 Publication quality tables
\heavyrulewidth=\dimen159
\lightrulewidth=\dimen160
\cmidrulewidth=\dimen161
\belowrulesep=\dimen162
\belowbottomsep=\dimen163
\aboverulesep=\dimen164
\abovetopsep=\dimen165
\cmidrulesep=\dimen166
\cmidrulekern=\dimen167
\defaultaddspace=\dimen168
\@cmidla=\count300
\@cmidlb=\count301
\@aboverulesep=\dimen169
\@belowrulesep=\dimen170
\@thisruleclass=\count302
\@lastruleclass=\count303
\@thisrulewidth=\dimen171
) (/usr/local/texlive/2024/texmf-dist/tex/latex/tools/array.sty
Package: array 2023/10/16 v2.5g Tabular extension package (FMi)
\col@sep=\dimen172
\ar@mcellbox=\box61
\extrarowheight=\dimen173
\NC@list=\toks26
\extratabsurround=\skip58
\backup@length=\skip59
\ar@cellbox=\box62
) (/usr/local/texlive/2024/texmf-dist/tex/latex/tools/calc.sty
Package: calc 2023/07/08 v4.3 Infix arithmetic (KKT,FJ)
\calc@Acount=\count304
\calc@Bcount=\count305
\calc@Adimen=\dimen174
\calc@Bdimen=\dimen175
\calc@Askip=\skip60
\calc@Bskip=\skip61
LaTeX Info: Redefining \setlength on input line 80.
LaTeX Info: Redefining \addtolength on input line 81.
\calc@Ccount=\count306
\calc@Cskip=\skip62
) (/usr/local/texlive/2024/texmf-dist/tex/latex/footnotehyper/footnotehyper.sty
Package: footnotehyper 2021/08/13 v1.1e hyperref aware footnote.sty (JFB)
\FNH@notes=\box63
\FNH@width=\dimen176
\FNH@toks=\toks27
) (/usr/local/texlive/2024/texmf-dist/tex/latex/graphics/graphicx.sty
Package: graphicx 2021/09/16 v1.2d Enhanced LaTeX Graphics (DPC,SPQR)
(/usr/local/texlive/2024/texmf-dist/tex/latex/graphics/graphics.sty
Package: graphics 2022/03/10 v1.4e Standard LaTeX Graphics (DPC,SPQR)
(/usr/local/texlive/2024/texmf-dist/tex/latex/graphics/trig.sty
Package: trig 2021/08/11 v1.11 sin cos tan (DPC)
) (/usr/local/texlive/2024/texmf-dist/tex/latex/graphics-cfg/graphics.cfg
File: graphics.cfg 2016/06/04 v1.11 sample graphics configuration
)
Package graphics Info: Driver file: xetex.def on input line 107.
)
\Gin@req@height=\dimen177
\Gin@req@width=\dimen178
) (/usr/local/texlive/2024/texmf-dist/tex/latex/amscls/amsthm.sty
Package: amsthm 2020/05/29 v2.20.6
\thm@style=\toks28
\thm@bodyfont=\toks29
\thm@headfont=\toks30
\thm@notefont=\toks31
\thm@headpunct=\toks32
\thm@preskip=\skip63
\thm@postskip=\skip64
\thm@headsep=\skip65
\dth@everypar=\toks33
) (/usr/local/texlive/2024/texmf-dist/tex/latex/natbib/natbib.sty
Package: natbib 2010/09/13 8.31b (PWD, AO)
\bibhang=\skip66
\bibsep=\skip67
LaTeX Info: Redefining \cite on input line 694.
\c@NAT@ctr=\count307
) (/usr/local/texlive/2024/texmf-dist/tex/latex/bookmark/bookmark.sty
Package: bookmark 2023-12-10 v1.31 PDF bookmarks (HO)
(/usr/local/texlive/2024/texmf-dist/tex/latex/hyperref/hyperref.sty
Package: hyperref 2024-01-20 v7.01h Hypertext links for LaTeX
(/usr/local/texlive/2024/texmf-dist/tex/generic/kvdefinekeys/kvdefinekeys.sty
Package: kvdefinekeys 2019-12-19 v1.6 Define keys (HO)
) (/usr/local/texlive/2024/texmf-dist/tex/generic/pdfescape/pdfescape.sty
Package: pdfescape 2019/12/09 v1.15 Implements pdfTeX's escape features (HO)
(/usr/local/texlive/2024/texmf-dist/tex/generic/pdftexcmds/pdftexcmds.sty
Package: pdftexcmds 2020-06-27 v0.33 Utility functions of pdfTeX for LuaTeX (HO
)
(/usr/local/texlive/2024/texmf-dist/tex/generic/infwarerr/infwarerr.sty
Package: infwarerr 2019/12/03 v1.5 Providing info/warning/error messages (HO)
)
Package pdftexcmds Info: \pdf@primitive is available.
Package pdftexcmds Info: \pdf@ifprimitive is available.
Package pdftexcmds Info: \pdfdraftmode not found.
)) (/usr/local/texlive/2024/texmf-dist/tex/latex/hycolor/hycolor.sty
Package: hycolor 2020-01-27 v1.10 Color options for hyperref/bookmark (HO)
) (/usr/local/texlive/2024/texmf-dist/tex/latex/auxhook/auxhook.sty
Package: auxhook 2019-12-17 v1.6 Hooks for auxiliary files (HO)
) (/usr/local/texlive/2024/texmf-dist/tex/latex/hyperref/nameref.sty
Package: nameref 2023-11-26 v2.56 Cross-referencing by name of section
(/usr/local/texlive/2024/texmf-dist/tex/latex/refcount/refcount.sty
Package: refcount 2019/12/15 v3.6 Data extraction from label references (HO)
)
(/usr/local/texlive/2024/texmf-dist/tex/generic/gettitlestring/gettitlestring.s
ty
Package: gettitlestring 2019/12/15 v1.6 Cleanup title references (HO)
)
\c@section@level=\count308
)
\@linkdim=\dimen179
\Hy@linkcounter=\count309
\Hy@pagecounter=\count310
(/usr/local/texlive/2024/texmf-dist/tex/latex/hyperref/pd1enc.def
File: pd1enc.def 2024-01-20 v7.01h Hyperref: PDFDocEncoding definition (HO)
) (/usr/local/texlive/2024/texmf-dist/tex/generic/intcalc/intcalc.sty
Package: intcalc 2019/12/15 v1.3 Expandable calculations with integers (HO)
)
\Hy@SavedSpaceFactor=\count311
(/usr/local/texlive/2024/texmf-dist/tex/latex/hyperref/puenc.def
File: puenc.def 2024-01-20 v7.01h Hyperref: PDF Unicode definition (HO)
)
Package hyperref Info: Option `unicode' set `true' on input line 4062.
Package hyperref Info: Hyper figures OFF on input line 4179.
Package hyperref Info: Link nesting OFF on input line 4184.
Package hyperref Info: Hyper index ON on input line 4187.
Package hyperref Info: Plain pages OFF on input line 4194.
Package hyperref Info: Backreferencing OFF on input line 4199.
Package hyperref Info: Implicit mode ON; LaTeX internals redefined.
Package hyperref Info: Bookmarks ON on input line 4446.
\c@Hy@tempcnt=\count312
(/usr/local/texlive/2024/texmf-dist/tex/latex/url/url.sty
\Urlmuskip=\muskip18
Package: url 2013/09/16  ver 3.4  Verb mode for urls, etc.
)
LaTeX Info: Redefining \url on input line 4784.
\XeTeXLinkMargin=\dimen180
(/usr/local/texlive/2024/texmf-dist/tex/generic/bitset/bitset.sty
Package: bitset 2019/12/09 v1.3 Handle bit-vector datatype (HO)
(/usr/local/texlive/2024/texmf-dist/tex/generic/bigintcalc/bigintcalc.sty
Package: bigintcalc 2019/12/15 v1.5 Expandable calculations on big integers (HO
)
))
\Fld@menulength=\count313
\Field@Width=\dimen181
\Fld@charsize=\dimen182
Package hyperref Info: Hyper figures OFF on input line 6063.
Package hyperref Info: Link nesting OFF on input line 6068.
Package hyperref Info: Hyper index ON on input line 6071.
Package hyperref Info: backreferencing OFF on input line 6078.
Package hyperref Info: Link coloring OFF on input line 6083.
Package hyperref Info: Link coloring with OCG OFF on input line 6088.
Package hyperref Info: PDF/A mode OFF on input line 6093.
(/usr/local/texlive/2024/texmf-dist/tex/latex/base/atbegshi-ltx.sty
Package: atbegshi-ltx 2021/01/10 v1.0c Emulation of the original atbegshi
package with kernel methods
)
\Hy@abspage=\count314
\c@Item=\count315
\c@Hfootnote=\count316
)
Package hyperref Info: Driver (autodetected): hxetex.
(/usr/local/texlive/2024/texmf-dist/tex/latex/hyperref/hxetex.def
File: hxetex.def 2024-01-20 v7.01h Hyperref driver for XeTeX
(/usr/local/texlive/2024/texmf-dist/tex/generic/stringenc/stringenc.sty
Package: stringenc 2019/11/29 v1.12 Convert strings between diff. encodings (HO
)
)
\pdfm@box=\box64
\c@Hy@AnnotLevel=\count317
\HyField@AnnotCount=\count318
\Fld@listcount=\count319
\c@bookmark@seq@number=\count320

(/usr/local/texlive/2024/texmf-dist/tex/latex/rerunfilecheck/rerunfilecheck.sty
Package: rerunfilecheck 2022-07-10 v1.10 Rerun checks for auxiliary files (HO)
(/usr/local/texlive/2024/texmf-dist/tex/latex/base/atveryend-ltx.sty
Package: atveryend-ltx 2020/08/19 v1.0a Emulation of the original atveryend pac
kage
with kernel methods
)
(/usr/local/texlive/2024/texmf-dist/tex/generic/uniquecounter/uniquecounter.sty
Package: uniquecounter 2019/12/15 v1.4 Provide unlimited unique counter (HO)
)
Package uniquecounter Info: New unique counter `rerunfilecheck' on input line 2
85.
)
\Hy@SectionHShift=\skip68
) (/usr/local/texlive/2024/texmf-dist/tex/latex/bookmark/bkm-dvipdfm.def
File: bkm-dvipdfm.def 2023-12-10 v1.31 bookmark driver for dvipdfm (HO)
\BKM@id=\count321
)) (/usr/local/texlive/2024/texmf-dist/tex/latex/xurl/xurl.sty
Package: xurl 2022/01/09 v 0.10 modify URL breaks
) (./bookdown-demo.aux)
\openout1 = `bookdown-demo.aux'.

LaTeX Font Info:    Checking defaults for OML/cmm/m/it on input line 132.
LaTeX Font Info:    ... okay on input line 132.
LaTeX Font Info:    Checking defaults for OMS/cmsy/m/n on input line 132.
LaTeX Font Info:    ... okay on input line 132.
LaTeX Font Info:    Checking defaults for OT1/cmr/m/n on input line 132.
LaTeX Font Info:    ... okay on input line 132.
LaTeX Font Info:    Checking defaults for T1/cmr/m/n on input line 132.
LaTeX Font Info:    ... okay on input line 132.
LaTeX Font Info:    Checking defaults for TS1/cmr/m/n on input line 132.
LaTeX Font Info:    ... okay on input line 132.
LaTeX Font Info:    Checking defaults for TU/lmr/m/n on input line 132.
LaTeX Font Info:    ... okay on input line 132.
LaTeX Font Info:    Checking defaults for OMX/cmex/m/n on input line 132.
LaTeX Font Info:    ... okay on input line 132.
LaTeX Font Info:    Checking defaults for U/cmr/m/n on input line 132.
LaTeX Font Info:    ... okay on input line 132.
LaTeX Font Info:    Checking defaults for PD1/pdf/m/n on input line 132.
LaTeX Font Info:    ... okay on input line 132.
LaTeX Font Info:    Checking defaults for PU/pdf/m/n on input line 132.
LaTeX Font Info:    ... okay on input line 132.
LaTeX Font Info:    Overwriting math alphabet `\mathrm' in version `normal'
(Font)                  OT1/lmr/m/n --> TU/lmr/m/n on input line 132.
LaTeX Font Info:    Overwriting math alphabet `\mathit' in version `normal'
(Font)                  OT1/lmr/m/it --> TU/lmr/m/it on input line 132.
LaTeX Font Info:    Overwriting math alphabet `\mathbf' in version `normal'
(Font)                  OT1/lmr/bx/n --> TU/lmr/bx/n on input line 132.
LaTeX Font Info:    Overwriting math alphabet `\mathsf' in version `normal'
(Font)                  OT1/lmss/m/n --> TU/lmss/m/n on input line 132.
LaTeX Font Info:    Overwriting math alphabet `\mathsf' in version `bold'
(Font)                  OT1/lmss/bx/n --> TU/lmss/bx/n on input line 132.
LaTeX Font Info:    Overwriting math alphabet `\mathtt' in version `normal'
(Font)                  OT1/lmtt/m/n --> TU/lmtt/m/n on input line 132.
LaTeX Font Info:    Overwriting math alphabet `\mathtt' in version `bold'
(Font)                  OT1/lmtt/m/n --> TU/lmtt/bx/n on input line 132.

Package fontspec Info: latinmodern-math scale = 0.9999964596882403.


Package fontspec Info: latinmodern-math scale = 0.9999964596882403.


Package fontspec Info: latinmodern-math scale = 0.9999964596882403.


Package fontspec Info: Font family 'latinmodern-math.otf(0)' created for font
(fontspec)             'latinmodern-math.otf' with options
(fontspec)             [Scale=MatchLowercase,BoldItalicFont={},ItalicFont={},Sm
allCapsFont={},Script=Math,BoldFont={latinmodern-math.otf}].
(fontspec)              
(fontspec)              This font family consists of the following NFSS
(fontspec)             series/shapes:
(fontspec)              
(fontspec)             - 'normal' (m/n) with NFSS spec.:
(fontspec)             <->s*[0.9999964596882403]"[latinmodern-math.otf]/OT:scri
pt=math;language=dflt;"
(fontspec)             - 'small caps'  (m/sc) with NFSS spec.: 
(fontspec)             - 'bold' (b/n) with NFSS spec.:
(fontspec)             <->s*[0.9999964596882403]"[latinmodern-math.otf]/OT:scri
pt=math;language=dflt;"
(fontspec)             - 'bold small caps'  (b/sc) with NFSS spec.: 

LaTeX Font Info:    Font shape `TU/latinmodern-math.otf(0)/m/n' will be
(Font)              scaled to size 10.0pt on input line 132.

Package fontspec Info: latinmodern-math scale = 0.9999964596882403.


Package fontspec Info: latinmodern-math scale = 0.9999964596882403.


Package fontspec Info: latinmodern-math scale = 0.9999964596882403.


Package fontspec Info: latinmodern-math scale = 0.9999964596882403.


Package fontspec Info: latinmodern-math scale = 0.9999964596882403.


Package fontspec Info: Font family 'latinmodern-math.otf(1)' created for font
(fontspec)             'latinmodern-math.otf' with options
(fontspec)             [Scale=MatchLowercase,BoldItalicFont={},ItalicFont={},Sm
allCapsFont={},Script=Math,SizeFeatures={{Size=8.5-},{Size=6-8.5,Font=latinmode
rn-math.otf,Style=MathScript},{Size=-6,Font=latinmodern-math.otf,Style=MathScri
ptScript}},BoldFont={latinmodern-math.otf}].
(fontspec)              
(fontspec)              This font family consists of the following NFSS
(fontspec)             series/shapes:
(fontspec)              
(fontspec)             - 'normal' (m/n) with NFSS spec.:
(fontspec)             <8.5->s*[0.9999964596882403]"[latinmodern-math.otf]/OT:s
cript=math;language=dflt;"<6-8.5>s*[0.9999964596882403]"[latinmodern-math.otf]/
OT:script=math;language=dflt;+ssty=0;"<-6>s*[0.9999964596882403]"[latinmodern-m
ath.otf]/OT:script=math;language=dflt;+ssty=1;"
(fontspec)             - 'small caps'  (m/sc) with NFSS spec.: 
(fontspec)             - 'bold' (b/n) with NFSS spec.:
(fontspec)             <->s*[0.9999964596882403]"[latinmodern-math.otf]/OT:scri
pt=math;language=dflt;"
(fontspec)             - 'bold small caps'  (b/sc) with NFSS spec.: 

LaTeX Font Info:    Font shape `TU/latinmodern-math.otf(1)/m/n' will be
(Font)              scaled to size 10.0pt on input line 132.
LaTeX Font Info:    Encoding `OT1' has changed to `TU' for symbol font
(Font)              `operators' in the math version `normal' on input line 132.

LaTeX Font Info:    Overwriting symbol font `operators' in version `normal'
(Font)                  OT1/lmr/m/n --> TU/latinmodern-math.otf(1)/m/n on input
 line 132.
LaTeX Font Info:    Encoding `OT1' has changed to `TU' for symbol font
(Font)              `operators' in the math version `bold' on input line 132.
LaTeX Font Info:    Overwriting symbol font `operators' in version `bold'
(Font)                  OT1/lmr/bx/n --> TU/latinmodern-math.otf(1)/b/n on inpu
t line 132.

Package fontspec Info: latinmodern-math scale = 0.9999964596882403.


Package fontspec Info: latinmodern-math scale = 1.000096459334209.


Package fontspec Info: latinmodern-math scale = 0.9999964596882403.


Package fontspec Info: latinmodern-math scale = 1.000096459334209.


Package fontspec Info: latinmodern-math scale = 0.9999964596882403.


Package fontspec Info: latinmodern-math scale = 1.000096459334209.


Package fontspec Info: latinmodern-math scale = 0.9999964596882403.


Package fontspec Info: latinmodern-math scale = 1.000096459334209.


Package fontspec Info: latinmodern-math scale = 0.9999964596882403.


Package fontspec Info: latinmodern-math scale = 1.000096459334209.


Package fontspec Info: Font family 'latinmodern-math.otf(2)' created for font
(fontspec)             'latinmodern-math.otf' with options
(fontspec)             [Scale=MatchLowercase,BoldItalicFont={},ItalicFont={},Sm
allCapsFont={},Script=Math,SizeFeatures={{Size=8.5-},{Size=6-8.5,Font=latinmode
rn-math.otf,Style=MathScript},{Size=-6,Font=latinmodern-math.otf,Style=MathScri
ptScript}},BoldFont={latinmodern-math.otf},ScaleAgain=1.0001,FontAdjustment={\f
ontdimen
(fontspec)             8\font =6.77pt\relax \fontdimen 9\font =3.94pt\relax
(fontspec)             \fontdimen 10\font =4.44pt\relax \fontdimen 11\font
(fontspec)             =6.86pt\relax \fontdimen 12\font =3.45pt\relax
(fontspec)             \fontdimen 13\font =3.63pt\relax \fontdimen 14\font
(fontspec)             =3.63pt\relax \fontdimen 15\font =2.89pt\relax
(fontspec)             \fontdimen 16\font =2.47pt\relax \fontdimen 17\font
(fontspec)             =2.47pt\relax \fontdimen 18\font =2.5pt\relax
(fontspec)             \fontdimen 19\font =2.0pt\relax \fontdimen 22\font
(fontspec)             =2.5pt\relax \fontdimen 20\font =0pt\relax \fontdimen
(fontspec)             21\font =0pt\relax }].
(fontspec)              
(fontspec)              This font family consists of the following NFSS
(fontspec)             series/shapes:
(fontspec)              
(fontspec)             - 'normal' (m/n) with NFSS spec.:
(fontspec)             <8.5->s*[1.000096459334209]"[latinmodern-math.otf]/OT:sc
ript=math;language=dflt;"<6-8.5>s*[1.000096459334209]"[latinmodern-math.otf]/OT
:script=math;language=dflt;+ssty=0;"<-6>s*[1.000096459334209]"[latinmodern-math
.otf]/OT:script=math;language=dflt;+ssty=1;"
(fontspec)             - 'small caps'  (m/sc) with NFSS spec.: 
(fontspec)             and font adjustment code:
(fontspec)             \fontdimen 8\font =6.77pt\relax \fontdimen 9\font
(fontspec)             =3.94pt\relax \fontdimen 10\font =4.44pt\relax
(fontspec)             \fontdimen 11\font =6.86pt\relax \fontdimen 12\font
(fontspec)             =3.45pt\relax \fontdimen 13\font =3.63pt\relax
(fontspec)             \fontdimen 14\font =3.63pt\relax \fontdimen 15\font
(fontspec)             =2.89pt\relax \fontdimen 16\font =2.47pt\relax
(fontspec)             \fontdimen 17\font =2.47pt\relax \fontdimen 18\font
(fontspec)             =2.5pt\relax \fontdimen 19\font =2.0pt\relax \fontdimen
(fontspec)             22\font =2.5pt\relax \fontdimen 20\font =0pt\relax
(fontspec)             \fontdimen 21\font =0pt\relax 
(fontspec)             - 'bold' (b/n) with NFSS spec.:
(fontspec)             <->s*[1.000096459334209]"[latinmodern-math.otf]/OT:scrip
t=math;language=dflt;"
(fontspec)             - 'bold small caps'  (b/sc) with NFSS spec.: 
(fontspec)             and font adjustment code:
(fontspec)             \fontdimen 8\font =6.77pt\relax \fontdimen 9\font
(fontspec)             =3.94pt\relax \fontdimen 10\font =4.44pt\relax
(fontspec)             \fontdimen 11\font =6.86pt\relax \fontdimen 12\font
(fontspec)             =3.45pt\relax \fontdimen 13\font =3.63pt\relax
(fontspec)             \fontdimen 14\font =3.63pt\relax \fontdimen 15\font
(fontspec)             =2.89pt\relax \fontdimen 16\font =2.47pt\relax
(fontspec)             \fontdimen 17\font =2.47pt\relax \fontdimen 18\font
(fontspec)             =2.5pt\relax \fontdimen 19\font =2.0pt\relax \fontdimen
(fontspec)             22\font =2.5pt\relax \fontdimen 20\font =0pt\relax
(fontspec)             \fontdimen 21\font =0pt\relax 

LaTeX Font Info:    Encoding `OMS' has changed to `TU' for symbol font
(Font)              `symbols' in the math version `normal' on input line 132.
LaTeX Font Info:    Overwriting symbol font `symbols' in version `normal'
(Font)                  OMS/lmsy/m/n --> TU/latinmodern-math.otf(2)/m/n on inpu
t line 132.
LaTeX Font Info:    Encoding `OMS' has changed to `TU' for symbol font
(Font)              `symbols' in the math version `bold' on input line 132.
LaTeX Font Info:    Overwriting symbol font `symbols' in version `bold'
(Font)                  OMS/lmsy/b/n --> TU/latinmodern-math.otf(2)/b/n on inpu
t line 132.

Package fontspec Info: latinmodern-math scale = 0.9999964596882403.


Package fontspec Info: latinmodern-math scale = 0.9998964600422715.


Package fontspec Info: latinmodern-math scale = 0.9999964596882403.


Package fontspec Info: latinmodern-math scale = 0.9998964600422715.


Package fontspec Info: latinmodern-math scale = 0.9999964596882403.


Package fontspec Info: latinmodern-math scale = 0.9998964600422715.


Package fontspec Info: latinmodern-math scale = 0.9999964596882403.


Package fontspec Info: latinmodern-math scale = 0.9998964600422715.


Package fontspec Info: latinmodern-math scale = 0.9999964596882403.


Package fontspec Info: latinmodern-math scale = 0.9998964600422715.


Package fontspec Info: Font family 'latinmodern-math.otf(3)' created for font
(fontspec)             'latinmodern-math.otf' with options
(fontspec)             [Scale=MatchLowercase,BoldItalicFont={},ItalicFont={},Sm
allCapsFont={},Script=Math,SizeFeatures={{Size=8.5-},{Size=6-8.5,Font=latinmode
rn-math.otf,Style=MathScript},{Size=-6,Font=latinmodern-math.otf,Style=MathScri
ptScript}},BoldFont={latinmodern-math.otf},ScaleAgain=0.9999,FontAdjustment={\f
ontdimen
(fontspec)             8\font =0.4pt\relax \fontdimen 9\font =2.0pt\relax
(fontspec)             \fontdimen 10\font =1.67pt\relax \fontdimen 11\font
(fontspec)             =1.11pt\relax \fontdimen 12\font =6.0pt\relax
(fontspec)             \fontdimen 13\font =0pt\relax }].
(fontspec)              
(fontspec)              This font family consists of the following NFSS
(fontspec)             series/shapes:
(fontspec)              
(fontspec)             - 'normal' (m/n) with NFSS spec.:
(fontspec)             <8.5->s*[0.9998964600422715]"[latinmodern-math.otf]/OT:s
cript=math;language=dflt;"<6-8.5>s*[0.9998964600422715]"[latinmodern-math.otf]/
OT:script=math;language=dflt;+ssty=0;"<-6>s*[0.9998964600422715]"[latinmodern-m
ath.otf]/OT:script=math;language=dflt;+ssty=1;"
(fontspec)             - 'small caps'  (m/sc) with NFSS spec.: 
(fontspec)             and font adjustment code:
(fontspec)             \fontdimen 8\font =0.4pt\relax \fontdimen 9\font
(fontspec)             =2.0pt\relax \fontdimen 10\font =1.67pt\relax
(fontspec)             \fontdimen 11\font =1.11pt\relax \fontdimen 12\font
(fontspec)             =6.0pt\relax \fontdimen 13\font =0pt\relax 
(fontspec)             - 'bold' (b/n) with NFSS spec.:
(fontspec)             <->s*[0.9998964600422715]"[latinmodern-math.otf]/OT:scri
pt=math;language=dflt;"
(fontspec)             - 'bold small caps'  (b/sc) with NFSS spec.: 
(fontspec)             and font adjustment code:
(fontspec)             \fontdimen 8\font =0.4pt\relax \fontdimen 9\font
(fontspec)             =2.0pt\relax \fontdimen 10\font =1.67pt\relax
(fontspec)             \fontdimen 11\font =1.11pt\relax \fontdimen 12\font
(fontspec)             =6.0pt\relax \fontdimen 13\font =0pt\relax 

LaTeX Font Info:    Encoding `OMX' has changed to `TU' for symbol font
(Font)              `largesymbols' in the math version `normal' on input line 1
32.
LaTeX Font Info:    Overwriting symbol font `largesymbols' in version `normal'
(Font)                  OMX/lmex/m/n --> TU/latinmodern-math.otf(3)/m/n on inpu
t line 132.
LaTeX Font Info:    Encoding `OMX' has changed to `TU' for symbol font
(Font)              `largesymbols' in the math version `bold' on input line 132
.
LaTeX Font Info:    Overwriting symbol font `largesymbols' in version `bold'
(Font)                  OMX/lmex/m/n --> TU/latinmodern-math.otf(3)/b/n on inpu
t line 132.
LaTeX Info: Redefining \microtypecontext on input line 132.
Package microtype Info: Applying patch `item' on input line 132.
Package microtype Info: Applying patch `toc' on input line 132.
Package microtype Info: Applying patch `eqnum' on input line 132.
Package microtype Info: Applying patch `footnote' on input line 132.
Package microtype Info: Applying patch `verbatim' on input line 132.
Package microtype Info: Character protrusion enabled (level 2).
Package microtype Info: Using protrusion set `basicmath'.
Package microtype Info: No adjustment of tracking.
Package microtype Info: No adjustment of spacing.
Package microtype Info: No adjustment of kerning.

(/usr/local/texlive/2024/texmf-dist/tex/latex/microtype/mt-LatinModernRoman.cfg
File: mt-LatinModernRoman.cfg 2021/02/21 v1.1 microtype config. file: Latin Mod
ern Roman (RS)
)
Package hyperref Info: Link coloring OFF on input line 132.
LaTeX Font Info:    Font shape `TU/latinmodern-math.otf(1)/m/n' will be
(Font)              scaled to size 12.0pt on input line 134.
LaTeX Font Info:    Font shape `TU/latinmodern-math.otf(1)/m/n' will be
(Font)              scaled to size 8.0pt on input line 134.
LaTeX Font Info:    Font shape `TU/latinmodern-math.otf(1)/m/n' will be
(Font)              scaled to size 6.0pt on input line 134.
LaTeX Font Info:    Trying to load font information for OML+lmm on input line 1
34.
(/usr/local/texlive/2024/texmf-dist/tex/latex/lm/omllmm.fd
File: omllmm.fd 2015/05/01 v1.6.1 Font defs for Latin Modern
)
LaTeX Font Info:    Font shape `TU/latinmodern-math.otf(2)/m/n' will be
(Font)              scaled to size 12.0011pt on input line 134.
LaTeX Font Info:    Font shape `TU/latinmodern-math.otf(2)/m/n' will be
(Font)              scaled to size 8.00073pt on input line 134.
LaTeX Font Info:    Font shape `TU/latinmodern-math.otf(2)/m/n' will be
(Font)              scaled to size 6.00055pt on input line 134.
LaTeX Font Info:    Font shape `TU/latinmodern-math.otf(3)/m/n' will be
(Font)              scaled to size 11.99872pt on input line 134.
LaTeX Font Info:    Font shape `TU/latinmodern-math.otf(3)/m/n' will be
(Font)              scaled to size 7.99915pt on input line 134.
LaTeX Font Info:    Font shape `TU/latinmodern-math.otf(3)/m/n' will be
(Font)              scaled to size 5.99936pt on input line 134.
LaTeX Font Info:    Trying to load font information for U+msa on input line 134
.
(/usr/local/texlive/2024/texmf-dist/tex/latex/amsfonts/umsa.fd
File: umsa.fd 2013/01/14 v3.01 AMS symbols A
) (/usr/local/texlive/2024/texmf-dist/tex/latex/microtype/mt-msa.cfg
File: mt-msa.cfg 2006/02/04 v1.1 microtype config. file: AMS symbols (a) (RS)
)
LaTeX Font Info:    Trying to load font information for U+msb on input line 134
.
(/usr/local/texlive/2024/texmf-dist/tex/latex/amsfonts/umsb.fd
File: umsb.fd 2013/01/14 v3.01 AMS symbols B
) (/usr/local/texlive/2024/texmf-dist/tex/latex/microtype/mt-msb.cfg
File: mt-msb.cfg 2005/06/01 v1.0 microtype config. file: AMS symbols (b) (RS)
) [1


] [2

] (./bookdown-demo.toc
LaTeX Font Info:    Font shape `TU/latinmodern-math.otf(1)/m/n' will be
(Font)              scaled to size 7.0pt on input line 5.
LaTeX Font Info:    Font shape `TU/latinmodern-math.otf(1)/m/n' will be
(Font)              scaled to size 5.0pt on input line 5.
LaTeX Font Info:    Font shape `TU/latinmodern-math.otf(2)/m/n' will be
(Font)              scaled to size 10.00092pt on input line 5.
LaTeX Font Info:    Font shape `TU/latinmodern-math.otf(2)/m/n' will be
(Font)              scaled to size 7.00064pt on input line 5.
LaTeX Font Info:    Font shape `TU/latinmodern-math.otf(2)/m/n' will be
(Font)              scaled to size 5.00046pt on input line 5.
LaTeX Font Info:    Font shape `TU/latinmodern-math.otf(3)/m/n' will be
(Font)              scaled to size 9.99893pt on input line 5.
LaTeX Font Info:    Font shape `TU/latinmodern-math.otf(3)/m/n' will be
(Font)              scaled to size 6.99925pt on input line 5.
LaTeX Font Info:    Font shape `TU/latinmodern-math.otf(3)/m/n' will be
(Font)              scaled to size 4.99947pt on input line 5.
)
\tf@toc=\write4
\openout4 = `bookdown-demo.toc'.

[3] [4

]
Chapter 1.
LaTeX Font Info:    Font shape `TU/lmtt/bx/n' in size <10> not available
(Font)              Font shape `TU/lmtt/b/n' tried instead on input line 147.
[5] [6

]
Chapter 2.

LaTeX Warning: Reference `methods' on page 7 undefined on input line 159.

File: bookdown-demo_files/figure-latex/nice-fig-1.pdf Graphic file (type pdf)
<use bookdown-demo_files/figure-latex/nice-fig-1.pdf>
[7] [8]
Chapter 3.
[9

] [10

]
Chapter 4.

Underfull \vbox (badness 1960) has occurred while \output is active []

[11] [12]
Overfull \hbox (90.75pt too wide) in paragraph at lines 266--266
[]\TU/lmtt/m/n/10 ## -- Attaching core tidyverse packages ---------------------
--- tidyverse 2.0.0 --[] 
 []


Overfull \hbox (90.75pt too wide) in paragraph at lines 266--266
[]\TU/lmtt/m/n/10 ## -- Conflicts ------------------------------------------ ti
dyverse_conflicts() --[] 
 []


Overfull \hbox (201.0pt too wide) in paragraph at lines 266--266
[]\TU/lmtt/m/n/10 ## i Use the conflicted package (<http://conflicted.r-lib.org
/>) to force all conflicts to become errors[] 
 []


Overfull \hbox (27.75pt too wide) in paragraph at lines 290--290
[]\TU/lmtt/m/n/10 ##     hour, isoweek, mday, minute, month, quarter, second, w
day, week,[] 
 []


Overfull \hbox (17.25pt too wide) in paragraph at lines 313--313
[]\TU/lmtt/m/n/10 ##  [4] "Sheet1"               "Charts"               "date_r
elative"[] 
 []


Overfull \hbox (33.0pt too wide) in paragraph at lines 313--313
[]\TU/lmtt/m/n/10 ##  [7] "RawWeight(lbs)"       "Day28_IntakeSAS"      "ADJ_28
Day_Intake"[] 
 []


Overfull \hbox (27.75pt too wide) in paragraph at lines 313--313
[]\TU/lmtt/m/n/10 ## [10] "ADJ_28Day_BW"         "Day28_RFI"            "Day56_
IntakeSAS"[] 
 []

[13]
Overfull \hbox (12.0pt too wide) in paragraph at lines 313--313
[]\TU/lmtt/m/n/10 ## [16] "Day70_Intake_SAS"     "ADJ_70Day_Intake"     "ADJ_Da
y70_BW"[] 
 []


Overfull \hbox (43.5pt too wide) in paragraph at lines 313--313
[]\TU/lmtt/m/n/10 ## [22] "AveragexDay"          "Final Data"           "Day14_
outputallday"[] 
 []


Overfull \hbox (48.75pt too wide) in paragraph at lines 313--313
[]\TU/lmtt/m/n/10 ## [25] "Day14_outputallhour"  "Day42_outputallday"   "Day42_
outputallhour"[] 
 []


Overfull \hbox (48.75pt too wide) in paragraph at lines 348--348
[]\TU/lmtt/m/n/10 ##  $ VID          : num [1:78] 248 249 276 298 322 346 364 3
67 453 472 ...[] 
 []


Overfull \hbox (75.0pt too wide) in paragraph at lines 348--348
[]\TU/lmtt/m/n/10 ##  $ EID          : num [1:78] 9.82e+14 9.82e+14 9.82e+14 9.
82e+14 9.82e+14 ...[] 
 []


Overfull \hbox (27.75pt too wide) in paragraph at lines 348--348
[]\TU/lmtt/m/n/10 ##  $ Creep        : chr [1:78] "Control" "Control" "Yeast" "
Yeast" ...[] 
 []


Overfull \hbox (48.75pt too wide) in paragraph at lines 348--348
[]\TU/lmtt/m/n/10 ##  $ Trial        : chr [1:78] "Control" "Control" "Control"
 "Control" ...[] 
 []


Overfull \hbox (48.75pt too wide) in paragraph at lines 348--348
[]\TU/lmtt/m/n/10 ##  $ BW-42        : num [1:78] 574 463 389 436 436 416 420 3
52 429 402 ...[] 
 []


Overfull \hbox (48.75pt too wide) in paragraph at lines 348--348
[]\TU/lmtt/m/n/10 ##  $ BW-1         : num [1:78] 650 514 453 504 512 446 510 3
90 508 485 ...[] 
 []


Overfull \hbox (48.75pt too wide) in paragraph at lines 348--348
[]\TU/lmtt/m/n/10 ##  $ BW0          : num [1:78] 638 504 445 489 504 441 479 3
72 481 474 ...[] 
 []


Overfull \hbox (48.75pt too wide) in paragraph at lines 348--348
[]\TU/lmtt/m/n/10 ##  $ BW7          : num [1:78] 636 496 450 487 532 398 481 3
77 492 469 ...[] 
 []


Overfull \hbox (48.75pt too wide) in paragraph at lines 348--348
[]\TU/lmtt/m/n/10 ##  $ BW14         : num [1:78] 670 512 477 522 562 418 516 3
88 508 486 ...[] 
 []


Overfull \hbox (48.75pt too wide) in paragraph at lines 348--348
[]\TU/lmtt/m/n/10 ##  $ BW21         : num [1:78] 716 544 508 530 592 443 548 4
11 544 522 ...[] 
 []


Overfull \hbox (48.75pt too wide) in paragraph at lines 348--348
[]\TU/lmtt/m/n/10 ##  $ BW28         : num [1:78] 698 544 499 530 592 447 552 4
16 544 520 ...[] 
 []


Overfull \hbox (48.75pt too wide) in paragraph at lines 348--348
[]\TU/lmtt/m/n/10 ##  $ BW35         : num [1:78] 732 564 534 566 600 464 584 4
63 558 552 ...[] 
 []


Overfull \hbox (48.75pt too wide) in paragraph at lines 348--348
[]\TU/lmtt/m/n/10 ##  $ BW42         : num [1:78] 732 576 550 590 628 480 590 4
66 586 556 ...[] 
 []


Overfull \hbox (48.75pt too wide) in paragraph at lines 348--348
[]\TU/lmtt/m/n/10 ##  $ BW49         : num [1:78] 768 600 548 578 654 468 600 4
78 578 560 ...[] 
 []


Overfull \hbox (48.75pt too wide) in paragraph at lines 348--348
[]\TU/lmtt/m/n/10 ##  $ BW56         : num [1:78] 786 608 594 624 678 518 628 4
96 616 584 ...[] 
 []


Overfull \hbox (48.75pt too wide) in paragraph at lines 348--348
[]\TU/lmtt/m/n/10 ##  $ BW70         : num [1:78] 806 670 636 650 702 560 676 5
18 650 628 ...[] 
 []


Overfull \hbox (33.0pt too wide) in paragraph at lines 348--348
[]\TU/lmtt/m/n/10 ##  $ Shipping Loss: num [1:78] -12 -10 -8 -15 -8 -5 -31 -18 
-27 -11 ...[] 
 []


Overfull \hbox (90.75pt too wide) in paragraph at lines 372--372
[]\TU/lmtt/m/n/10 ##  [1] 248 249 276 298 322 346 364 367 453 472 510 538 571 6
61 662 663 664 667 668[] 
 []


Overfull \hbox (90.75pt too wide) in paragraph at lines 372--372
[]\TU/lmtt/m/n/10 ## [20] 672 674 677 678 679 682 684 688 690 691 692 693 701 7
02 703 704 706 707 711[] 
 []


Overfull \hbox (90.75pt too wide) in paragraph at lines 372--372
[]\TU/lmtt/m/n/10 ## [39] 712 714 717 718 719 721 722 723 724 726 727 729 731 7
34 735 743 744 747 749[] 
 []


Overfull \hbox (90.75pt too wide) in paragraph at lines 372--372
[]\TU/lmtt/m/n/10 ## [58] 752 756 760 762 764 765 766 768 769 771 772 775 780 7
83 785 799 805 808 813[] 
 []

[14]

LaTeX Font Warning: Font shape `TU/lmtt/bx/it' in size <10> not available
(Font)              Font shape `TU/lmtt/b/sl' tried instead on input line 386.


Overfull \hbox (12.0pt too wide) in paragraph at lines 398--398
[]\TU/lmtt/m/n/10 ## [17] "BW56"          "BW70"          "Shipping Loss" "Cree
p_Gain"[] 
 []


Overfull \hbox (54.0pt too wide) in paragraph at lines 450--450
[]\TU/lmtt/m/n/10 ##  $ VID          : num [1:936] 248 248 248 248 248 248 248 
248 248 248 ...[] 
 []


Overfull \hbox (80.25pt too wide) in paragraph at lines 450--450
[]\TU/lmtt/m/n/10 ##  $ EID          : num [1:936] 9.82e+14 9.82e+14 9.82e+14 9
.82e+14 9.82e+14 ...[] 
 []


Overfull \hbox (54.0pt too wide) in paragraph at lines 450--450
[]\TU/lmtt/m/n/10 ##  $ Creep        : chr [1:936] "Control" "Control" "Control
" "Control" ...[] 
 []


Overfull \hbox (54.0pt too wide) in paragraph at lines 450--450
[]\TU/lmtt/m/n/10 ##  $ Trial        : chr [1:936] "Control" "Control" "Control
" "Control" ...[] 
 []


Overfull \hbox (54.0pt too wide) in paragraph at lines 450--450
[]\TU/lmtt/m/n/10 ##  $ Shipping Loss: num [1:936] -12 -12 -12 -12 -12 -12 -12 
-12 -12 -12 ...[] 
 []


Overfull \hbox (1.5pt too wide) in paragraph at lines 450--450
[]\TU/lmtt/m/n/10 ##  $ Creep_Gain   : num [1:936] 76 76 76 76 76 76 76 76 76 7
6 ...[] 
 []


Overfull \hbox (54.0pt too wide) in paragraph at lines 450--450
[]\TU/lmtt/m/n/10 ##  $ value        : num [1:936] 574 650 638 636 670 716 698 
732 732 768 ...[] 
 []


Overfull \hbox (54.0pt too wide) in paragraph at lines 460--460
[]\TU/lmtt/m/n/10 ## extract_numeric() is deprecated: please use readr::parse_n
umber() instead[] 
 []


Overfull \hbox (54.0pt too wide) in paragraph at lines 482--482
[]\TU/lmtt/m/n/10 ##  $ VID          : num [1:936] 248 248 248 248 248 248 248 
248 248 248 ...[] 
 []


Overfull \hbox (80.25pt too wide) in paragraph at lines 482--482
[]\TU/lmtt/m/n/10 ##  $ EID          : num [1:936] 9.82e+14 9.82e+14 9.82e+14 9
.82e+14 9.82e+14 ...[] 
 []

[15]
Overfull \hbox (54.0pt too wide) in paragraph at lines 482--482
[]\TU/lmtt/m/n/10 ##  $ Creep        : chr [1:936] "Control" "Control" "Control
" "Control" ...[] 
 []


Overfull \hbox (54.0pt too wide) in paragraph at lines 482--482
[]\TU/lmtt/m/n/10 ##  $ Trial        : chr [1:936] "Control" "Control" "Control
" "Control" ...[] 
 []


Overfull \hbox (54.0pt too wide) in paragraph at lines 482--482
[]\TU/lmtt/m/n/10 ##  $ Shipping Loss: num [1:936] -12 -12 -12 -12 -12 -12 -12 
-12 -12 -12 ...[] 
 []


Overfull \hbox (1.5pt too wide) in paragraph at lines 482--482
[]\TU/lmtt/m/n/10 ##  $ Creep_Gain   : num [1:936] 76 76 76 76 76 76 76 76 76 7
6 ...[] 
 []


Overfull \hbox (54.0pt too wide) in paragraph at lines 482--482
[]\TU/lmtt/m/n/10 ##  $ value        : num [1:936] 574 650 638 636 670 716 698 
732 732 768 ...[] 
 []


Overfull \hbox (27.75pt too wide) in paragraph at lines 534--534
[]\TU/lmtt/m/n/10 ##  1st Qu.:20.25   1st Qu.:672.5   1st Qu.:9.82e+14   Class 
:character[] 
 []


Overfull \hbox (27.75pt too wide) in paragraph at lines 534--534
[]\TU/lmtt/m/n/10 ##  Median :39.50   Median :713.0   Median :9.82e+14   Mode  
:character[] 
 []


Overfull \hbox (1.5pt too wide) in paragraph at lines 534--534
[]\TU/lmtt/m/n/10 ##  Length:78          Min.   :5.0   Min.   :352.0   Min.   :
380.0[] 
 []


Overfull \hbox (1.5pt too wide) in paragraph at lines 534--534
[]\TU/lmtt/m/n/10 ##  Class :character   1st Qu.:6.0   1st Qu.:395.5   1st Qu.:
465.0[] 
 []


Overfull \hbox (1.5pt too wide) in paragraph at lines 534--534
[]\TU/lmtt/m/n/10 ##  Mode  :character   Median :6.5   Median :428.5   Median :
501.0[] 
 []


Overfull \hbox (1.5pt too wide) in paragraph at lines 534--534
[]\TU/lmtt/m/n/10 ##                     Mean   :6.5   Mean   :429.3   Mean   :
495.6[] 
 []


Overfull \hbox (1.5pt too wide) in paragraph at lines 534--534
[]\TU/lmtt/m/n/10 ##                     3rd Qu.:7.0   3rd Qu.:455.8   3rd Qu.:
521.5[] 
 []


Overfull \hbox (1.5pt too wide) in paragraph at lines 534--534
[]\TU/lmtt/m/n/10 ##                     Max.   :8.0   Max.   :574.0   Max.   :
650.0[] 
 []


Overfull \hbox (1.5pt too wide) in paragraph at lines 534--534
[]\TU/lmtt/m/n/10 ##       BW56            BW70       Shipping Loss       Creep
_Gain[] 
 []


Overfull \hbox (12.0pt too wide) in paragraph at lines 534--534
[]\TU/lmtt/m/n/10 ##  Min.   :398.0   Min.   :412.0   Min.   :-116.00   Min.   
: 13.00[] 
 []


Overfull \hbox (12.0pt too wide) in paragraph at lines 534--534
[]\TU/lmtt/m/n/10 ##  1st Qu.:538.5   1st Qu.:572.5   1st Qu.: -26.75   1st Qu.
: 51.00[] 
 []


Overfull \hbox (12.0pt too wide) in paragraph at lines 534--534
[]\TU/lmtt/m/n/10 ##  Median :585.0   Median :622.0   Median : -18.00   Median 
: 68.00[] 
 []


Overfull \hbox (12.0pt too wide) in paragraph at lines 534--534
[]\TU/lmtt/m/n/10 ##  Mean   :579.4   Mean   :614.2   Mean   : -20.28   Mean   
: 66.27[] 
 []


Underfull \vbox (badness 10000) has occurred while \output is active []

[16]
Overfull \hbox (12.0pt too wide) in paragraph at lines 534--534
[]\TU/lmtt/m/n/10 ##  3rd Qu.:619.5   3rd Qu.:655.0   3rd Qu.: -12.00   3rd Qu.
: 79.75[] 
 []


Overfull \hbox (12.0pt too wide) in paragraph at lines 534--534
[]\TU/lmtt/m/n/10 ##  Max.   :786.0   Max.   :806.0   Max.   :   2.00   Max.   
:186.00[] 
 []


Overfull \hbox (22.5pt too wide) in paragraph at lines 564--564
[]\TU/lmtt/m/n/10 ##  1st Qu.:20.0   1st Qu.:672.0   1st Qu.:9.82e+14   Class :
character[] 
 []


Overfull \hbox (22.5pt too wide) in paragraph at lines 564--564
[]\TU/lmtt/m/n/10 ##  Median :39.5   Median :713.0   Median :9.82e+14   Mode  :
character[] 
 []


Overfull \hbox (6.75pt too wide) in paragraph at lines 564--564
[]\TU/lmtt/m/n/10 ##     Trial                Pen      Shipping Loss       Cree
p_Gain[] 
 []


Overfull \hbox (17.25pt too wide) in paragraph at lines 564--564
[]\TU/lmtt/m/n/10 ##  Length:936         Min.   :5.0   Min.   :-116.00   Min.  
 : 13.00[] 
 []


Overfull \hbox (17.25pt too wide) in paragraph at lines 564--564
[]\TU/lmtt/m/n/10 ##  Class :character   1st Qu.:6.0   1st Qu.: -27.00   1st Qu
.: 51.00[] 
 []


Overfull \hbox (17.25pt too wide) in paragraph at lines 564--564
[]\TU/lmtt/m/n/10 ##  Mode  :character   Median :6.5   Median : -18.00   Median
 : 68.00[] 
 []


Overfull \hbox (17.25pt too wide) in paragraph at lines 564--564
[]\TU/lmtt/m/n/10 ##                     Mean   :6.5   Mean   : -20.28   Mean  
 : 66.27[] 
 []


Overfull \hbox (17.25pt too wide) in paragraph at lines 564--564
[]\TU/lmtt/m/n/10 ##                     3rd Qu.:7.0   3rd Qu.: -12.00   3rd Qu
.: 80.00[] 
 []


Overfull \hbox (17.25pt too wide) in paragraph at lines 564--564
[]\TU/lmtt/m/n/10 ##                     Max.   :8.0   Max.   :   2.00   Max.  
 :186.00[] 
 []


Overfull \hbox (22.5pt too wide) in paragraph at lines 564--564
[]\TU/lmtt/m/n/10 ##  Min.   :0.3095   Length:936         Min.   :334.0   Min. 
  :-42.00[] 
 []


Overfull \hbox (22.5pt too wide) in paragraph at lines 564--564
[]\TU/lmtt/m/n/10 ##  1st Qu.:1.2143   Class :character   1st Qu.:461.0   1st Q
u.:  5.25[] 
 []


Overfull \hbox (22.5pt too wide) in paragraph at lines 564--564
[]\TU/lmtt/m/n/10 ##  Median :1.6190   Mode  :character   Median :510.0   Media
n : 24.50[] 
 []


Overfull \hbox (22.5pt too wide) in paragraph at lines 564--564
[]\TU/lmtt/m/n/10 ##  Mean   :1.5778                      Mean   :515.4   Mean 
  : 23.25[] 
 []


Overfull \hbox (22.5pt too wide) in paragraph at lines 564--564
[]\TU/lmtt/m/n/10 ##  3rd Qu.:1.9048                      3rd Qu.:562.0   3rd Q
u.: 43.75[] 
 []


Overfull \hbox (22.5pt too wide) in paragraph at lines 564--564
[]\TU/lmtt/m/n/10 ##  Max.   :4.4286                      Max.   :806.0   Max. 
  : 70.00[] 
 []

[17]
Overfull \hbox (75.0pt too wide) in paragraph at lines 653--653
[]\TU/lmtt/m/n/10 ##   [1] -42 -41 -40 -39 -38 -37 -36 -35 -34 -33 -32 -31 -30 
-29 -28 -27 -26 -25[] 
 []


Overfull \hbox (75.0pt too wide) in paragraph at lines 653--653
[]\TU/lmtt/m/n/10 ##  [19] -24 -23 -22 -21 -20 -19 -18 -17 -16 -15 -14 -13 -12 
-11 -10  -9  -8  -7[] 
 []


Overfull \hbox (75.0pt too wide) in paragraph at lines 653--653
[]\TU/lmtt/m/n/10 ##  [37]  -6  -5  -4  -3  -2  -1   0   1   2   3   4   5   6 
  7   8   9  10  11[] 
 []


Overfull \hbox (75.0pt too wide) in paragraph at lines 653--653
[]\TU/lmtt/m/n/10 ##  [55]  12  13  14  15  16  17  18  19  20  21  22  23  24 
 25  26  27  28  29[] 
 []

[18]
Overfull \hbox (75.0pt too wide) in paragraph at lines 653--653
[]\TU/lmtt/m/n/10 ##  [73]  30  31  32  33  34  35  36  37  38  39  40  41  42 
 43  44  45  46  47[] 
 []


Overfull \hbox (75.0pt too wide) in paragraph at lines 653--653
[]\TU/lmtt/m/n/10 ##  [91]  48  49  50  51  52  53  54  55  56  57  58  59  60 
 61  62  63  64  65[] 
 []


Overfull \hbox (12.0pt too wide) in paragraph at lines 686--686
[]\TU/lmtt/m/n/10 ##  Min.   :-42.00   Min.   : 1.0   Min.   :248.0   Min.   :9
.82e+14[] 
 []


Overfull \hbox (12.0pt too wide) in paragraph at lines 686--686
[]\TU/lmtt/m/n/10 ##  1st Qu.:  0.00   1st Qu.:20.0   1st Qu.:672.0   1st Qu.:9
.82e+14[] 
 []


Overfull \hbox (12.0pt too wide) in paragraph at lines 686--686
[]\TU/lmtt/m/n/10 ##  Median : 21.00   Median :39.5   Median :713.0   Median :9
.82e+14[] 
 []


Overfull \hbox (12.0pt too wide) in paragraph at lines 686--686
[]\TU/lmtt/m/n/10 ##  Mean   : 22.24   Mean   :39.5   Mean   :671.2   Mean   :9
.82e+14[] 
 []


Overfull \hbox (12.0pt too wide) in paragraph at lines 686--686
[]\TU/lmtt/m/n/10 ##  3rd Qu.: 42.00   3rd Qu.:59.0   3rd Qu.:756.0   3rd Qu.:9
.82e+14[] 
 []


Overfull \hbox (12.0pt too wide) in paragraph at lines 686--686
[]\TU/lmtt/m/n/10 ##  Max.   : 70.00   Max.   :78.0   Max.   :821.0   Max.   :9
.82e+14[] 
 []


Overfull \hbox (17.25pt too wide) in paragraph at lines 686--686
[]\TU/lmtt/m/n/10 ##     Creep              Trial                Pen      Shipp
ing Loss[] 
 []


Overfull \hbox (27.75pt too wide) in paragraph at lines 686--686
[]\TU/lmtt/m/n/10 ##  Length:1037        Length:1037        Min.   :5.0   Min. 
  :-116.00[] 
 []


Overfull \hbox (27.75pt too wide) in paragraph at lines 686--686
[]\TU/lmtt/m/n/10 ##  Class :character   Class :character   1st Qu.:6.0   1st Q
u.: -27.00[] 
 []


Overfull \hbox (27.75pt too wide) in paragraph at lines 686--686
[]\TU/lmtt/m/n/10 ##  Mode  :character   Mode  :character   Median :6.5   Media
n : -18.00[] 
 []


Overfull \hbox (27.75pt too wide) in paragraph at lines 686--686
[]\TU/lmtt/m/n/10 ##                                        Mean   :6.5   Mean 
  : -20.28[] 
 []


Overfull \hbox (27.75pt too wide) in paragraph at lines 686--686
[]\TU/lmtt/m/n/10 ##                                        3rd Qu.:7.0   3rd Q
u.: -12.00[] 
 []


Overfull \hbox (27.75pt too wide) in paragraph at lines 686--686
[]\TU/lmtt/m/n/10 ##                                        Max.   :8.0   Max. 
  :   2.00[] 
 []


Overfull \hbox (6.75pt too wide) in paragraph at lines 686--686
[]\TU/lmtt/m/n/10 ##                                        NA[]s   :101   NA[]
s   :101[] 
 []


Overfull \hbox (1.5pt too wide) in paragraph at lines 686--686
[]\TU/lmtt/m/n/10 ##    Creep_Gain      Pre-Wean_ADG        name               
value[] 
 []


Overfull \hbox (22.5pt too wide) in paragraph at lines 686--686
[]\TU/lmtt/m/n/10 ##  Min.   : 13.00   Min.   :0.3095   Length:1037        Min.
   :334.0[] 
 []


Overfull \hbox (22.5pt too wide) in paragraph at lines 686--686
[]\TU/lmtt/m/n/10 ##  1st Qu.: 51.00   1st Qu.:1.2143   Class :character   1st 
Qu.:461.0[] 
 []


Overfull \hbox (22.5pt too wide) in paragraph at lines 686--686
[]\TU/lmtt/m/n/10 ##  Median : 68.00   Median :1.6191   Mode  :character   Medi
an :510.0[] 
 []


Overfull \hbox (22.5pt too wide) in paragraph at lines 686--686
[]\TU/lmtt/m/n/10 ##  Mean   : 66.27   Mean   :1.5778                      Mean
   :515.4[] 
 []


Overfull \hbox (22.5pt too wide) in paragraph at lines 686--686
[]\TU/lmtt/m/n/10 ##  3rd Qu.: 80.00   3rd Qu.:1.9048                      3rd 
Qu.:562.0[] 
 []


Overfull \hbox (22.5pt too wide) in paragraph at lines 686--686
[]\TU/lmtt/m/n/10 ##  Max.   :186.00   Max.   :4.4286                      Max.
   :806.0[] 
 []


Overfull \hbox (12.0pt too wide) in paragraph at lines 686--686
[]\TU/lmtt/m/n/10 ##  NA[]s   :101      NA[]s   :101                         NA
[]s   :101[] 
 []


Overfull \hbox (22.5pt too wide) in paragraph at lines 711--711
[]\TU/lmtt/m/n/10 ## Classes []data.table[] and []data.frame[]:   936 obs. of  
12 variables:[] 
 []


Overfull \hbox (43.5pt too wide) in paragraph at lines 711--711
[]\TU/lmtt/m/n/10 ##  $ EID          : num  9.82e+14 9.82e+14 9.82e+14 9.82e+14
 9.82e+14 ...[] 
 []


Overfull \hbox (17.25pt too wide) in paragraph at lines 711--711
[]\TU/lmtt/m/n/10 ##  $ Creep        : chr  "Control" "Control" "Control" "Cont
rol" ...[] 
 []


Overfull \hbox (17.25pt too wide) in paragraph at lines 711--711
[]\TU/lmtt/m/n/10 ##  $ Trial        : chr  "Control" "Control" "Control" "Cont
rol" ...[] 
 []


Overfull \hbox (17.25pt too wide) in paragraph at lines 711--711
[]\TU/lmtt/m/n/10 ##  $ Shipping Loss: num  -12 -12 -12 -12 -12 -12 -12 -12 -12
 -12 ...[] 
 []


Overfull \hbox (17.25pt too wide) in paragraph at lines 711--711
[]\TU/lmtt/m/n/10 ##  $ value        : num  574 650 638 636 670 716 698 732 732
 768 ...[] 
 []

[19]
File: bookdown-demo_files/figure-latex/unnamed-chunk-5-1.pdf Graphic file (type
 pdf)
<use bookdown-demo_files/figure-latex/unnamed-chunk-5-1.pdf>

Underfull \vbox (badness 10000) has occurred while \output is active []

[20]
File: bookdown-demo_files/figure-latex/unnamed-chunk-5-2.pdf Graphic file (type
 pdf)
<use bookdown-demo_files/figure-latex/unnamed-chunk-5-2.pdf>

Underfull \vbox (badness 10000) has occurred while \output is active []

[21]
Underfull \vbox (badness 1264) has occurred while \output is active []

[22] [23] [24

]
Chapter 5.

Overfull \hbox (17.25pt too wide) in paragraph at lines 857--857
[]\TU/lmtt/m/n/10 ## []stat_bin()[] using []bins = 30[]. Pick better value with
 []binwidth[].[] 
 []

File: bookdown-demo_files/figure-latex/unnamed-chunk-7-1.pdf Graphic file (type
 pdf)
<use bookdown-demo_files/figure-latex/unnamed-chunk-7-1.pdf>
[25]
File: bookdown-demo_files/figure-latex/unnamed-chunk-7-2.pdf Graphic file (type
 pdf)
<use bookdown-demo_files/figure-latex/unnamed-chunk-7-2.pdf>
File: bookdown-demo_files/figure-latex/unnamed-chunk-7-3.pdf Graphic file (type
 pdf)
<use bookdown-demo_files/figure-latex/unnamed-chunk-7-3.pdf>

Underfull \vbox (badness 10000) has occurred while \output is active []

[26] [27] [28

]
Chapter 6.
[29]
Overfull \hbox (290.10344pt too wide) has occurred while \output is active
\TU/lmr/m/n/10 30 \TU/lmr/m/sl/10 CHAPTER 6.  DETERMINISTIC FUNCTIONS: UNDERSTA
NDING FUNCTION SHAPE, PATTERN, AND MEANING OF PARAMETERS
 []

[30

]
Chapter 7.

Overfull \hbox (17.25pt too wide) in paragraph at lines 921--921
[]\TU/lmtt/m/n/10 ##  [4] "Sheet1"               "Charts"               "date_r
elative"[] 
 []


Overfull \hbox (33.0pt too wide) in paragraph at lines 921--921
[]\TU/lmtt/m/n/10 ##  [7] "RawWeight(lbs)"       "Day28_IntakeSAS"      "ADJ_28
Day_Intake"[] 
 []


Overfull \hbox (27.75pt too wide) in paragraph at lines 921--921
[]\TU/lmtt/m/n/10 ## [10] "ADJ_28Day_BW"         "Day28_RFI"            "Day56_
IntakeSAS"[] 
 []


Overfull \hbox (12.0pt too wide) in paragraph at lines 921--921
[]\TU/lmtt/m/n/10 ## [16] "Day70_Intake_SAS"     "ADJ_70Day_Intake"     "ADJ_Da
y70_BW"[] 
 []


Overfull \hbox (43.5pt too wide) in paragraph at lines 921--921
[]\TU/lmtt/m/n/10 ## [22] "AveragexDay"          "Final Data"           "Day14_
outputallday"[] 
 []


Overfull \hbox (48.75pt too wide) in paragraph at lines 921--921
[]\TU/lmtt/m/n/10 ## [25] "Day14_outputallhour"  "Day42_outputallday"   "Day42_
outputallhour"[] 
 []

[31]
Overfull \hbox (85.5pt too wide) in paragraph at lines 941--941
[]\TU/lmtt/m/n/10 ##  [1]  0  1  2  3  4  5  6  7  8  9 10 11 12 13 14 15 16 17
 18 19 20 21 22 23 24[] 
 []


Overfull \hbox (85.5pt too wide) in paragraph at lines 941--941
[]\TU/lmtt/m/n/10 ## [26] 25 26 27 28 29 30 31 32 33 34 35 36 37 38 39 40 41 42
 43 44 45 46 47 48 49[] 
 []


Overfull \hbox (22.5pt too wide) in paragraph at lines 941--941
[]\TU/lmtt/m/n/10 ## [51] 50 51 52 53 54 55 56 57 58 59 60 61 62 63 64 65 66 67
 68 69 70[] 
 []

[32]
Chapter 8.

Overfull \hbox (17.25pt too wide) in paragraph at lines 990--990
[]\TU/lmtt/m/n/10 ##  [4] "Sheet1"               "Charts"               "date_r
elative"[] 
 []


Overfull \hbox (33.0pt too wide) in paragraph at lines 990--990
[]\TU/lmtt/m/n/10 ##  [7] "RawWeight(lbs)"       "Day28_IntakeSAS"      "ADJ_28
Day_Intake"[] 
 []


Overfull \hbox (27.75pt too wide) in paragraph at lines 990--990
[]\TU/lmtt/m/n/10 ## [10] "ADJ_28Day_BW"         "Day28_RFI"            "Day56_
IntakeSAS"[] 
 []


Overfull \hbox (12.0pt too wide) in paragraph at lines 990--990
[]\TU/lmtt/m/n/10 ## [16] "Day70_Intake_SAS"     "ADJ_70Day_Intake"     "ADJ_Da
y70_BW"[] 
 []


Overfull \hbox (43.5pt too wide) in paragraph at lines 990--990
[]\TU/lmtt/m/n/10 ## [22] "AveragexDay"          "Final Data"           "Day14_
outputallday"[] 
 []


Overfull \hbox (48.75pt too wide) in paragraph at lines 990--990
[]\TU/lmtt/m/n/10 ## [25] "Day14_outputallhour"  "Day42_outputallday"   "Day42_
outputallhour"[] 
 []


Overfull \hbox (17.25pt too wide) in paragraph at lines 1084--1084
[]\TU/lmtt/m/n/10 ## Classes []data.table[] and []data.frame[]:   77 obs. of  6
9 variables:[] 
 []


Overfull \hbox (12.0pt too wide) in paragraph at lines 1084--1084
[]\TU/lmtt/m/n/10 ##  $ Test                   : logi  TRUE TRUE NA TRUE TRUE T
RUE ...[] 
 []


Overfull \hbox (69.75pt too wide) in paragraph at lines 1084--1084
[]\TU/lmtt/m/n/10 ##  $ VID                    : num  248 249 276 298 322 346 3
64 367 453 472 ...[] 
 []


Overfull \hbox (96.0pt too wide) in paragraph at lines 1084--1084
[]\TU/lmtt/m/n/10 ##  $ EID                    : num  9.82e+14 9.82e+14 9.82e+1
4 9.82e+14 9.82e+14 ...[] 
 []

[33

]
Overfull \hbox (48.75pt too wide) in paragraph at lines 1084--1084
[]\TU/lmtt/m/n/10 ##  $ Creep                  : chr  "Control" "Control" "Yeas
t" "Yeast" ...[] 
 []


Overfull \hbox (69.75pt too wide) in paragraph at lines 1084--1084
[]\TU/lmtt/m/n/10 ##  $ Trial                  : chr  "Control" "Control" "Cont
rol" "Control" ...[] 
 []


Overfull \hbox (12.0pt too wide) in paragraph at lines 1084--1084
[]\TU/lmtt/m/n/10 ##  $ HOBO_ID                : num  NA NA 11 NA NA NA 5 14 NA
 NA ...[] 
 []


Overfull \hbox (17.25pt too wide) in paragraph at lines 1084--1084
[]\TU/lmtt/m/n/10 ##  $ Pre_Wean_ADG           : num  0.823 0.552 0.693 0.736 0
.823 ...[] 
 []


Overfull \hbox (12.0pt too wide) in paragraph at lines 1084--1084
[]\TU/lmtt/m/n/10 ##  $ Shipping_Loss          : num  -5.44 -4.54 -3.63 -6.8 -3
.63 ...[] 
 []


Overfull \hbox (12.0pt too wide) in paragraph at lines 1084--1084
[]\TU/lmtt/m/n/10 ##  $ Day28_ADG              : num  1.296 0.829 1.076 0.81 1.
529 ...[] 
 []


Overfull \hbox (38.25pt too wide) in paragraph at lines 1084--1084
[]\TU/lmtt/m/n/10 ##  $ Day28_Residual         : num  0.419 0.5342 0.5342 0.070
3 0.6198 ...[] 
 []


Overfull \hbox (17.25pt too wide) in paragraph at lines 1084--1084
[]\TU/lmtt/m/n/10 ##  $ Day28_Class            : chr  "High" "High" "High" "Med
ium" ...[] 
 []


Overfull \hbox (17.25pt too wide) in paragraph at lines 1084--1084
[]\TU/lmtt/m/n/10 ##  $ Day56_ADG              : num  1.218 0.946 1.147 1.064 1
.298 ...[] 
 []


Overfull \hbox (17.25pt too wide) in paragraph at lines 1084--1084
[]\TU/lmtt/m/n/10 ##  $ Day56_MMBW             : num  1.218 0.946 1.147 1.064 1
.298 ...[] 
 []


Overfull \hbox (27.75pt too wide) in paragraph at lines 1084--1084
[]\TU/lmtt/m/n/10 ##  $ Day56_Residual         : num  -0.118 0.266 0.266 -0.149
 0.376 ...[] 
 []


Overfull \hbox (27.75pt too wide) in paragraph at lines 1084--1084
[]\TU/lmtt/m/n/10 ##  $ Day56_Class            : chr  "Medium" "High" "High" "M
edium" ...[] 
 []


Overfull \hbox (169.5pt too wide) in paragraph at lines 1084--1084
[]\TU/lmtt/m/n/10 ##  $ D_1_EV                 : num  0.44 0.389 0.365 0.555 0.
662 0.572 0.318 0.362 0.562 0.769 ...[] 
 []


Overfull \hbox (169.5pt too wide) in paragraph at lines 1084--1084
[]\TU/lmtt/m/n/10 ##  $ D0_EV                  : num  0.507 0.478 0.426 0.398 0
.639 0.68 0.371 0.374 0.398 0.454 ...[] 
 []


Overfull \hbox (164.25pt too wide) in paragraph at lines 1084--1084
[]\TU/lmtt/m/n/10 ##  $ D28_EV                 : num  0.637 0.528 0.437 0.37 0.
53 0.519 0.336 0.391 0.548 0.478 ...[] 
 []


Overfull \hbox (174.75pt too wide) in paragraph at lines 1084--1084
[]\TU/lmtt/m/n/10 ##  $ D56_EV                 : num  0.345 0.085 0.282 0.249 0
.455 0.356 0.257 0.293 0.251 0.419 ...[] 
 []


Overfull \hbox (17.25pt too wide) in paragraph at lines 1084--1084
[]\TU/lmtt/m/n/10 ##  $ NFIDUR                 : num  71787 72473 68058 72939 6
8627 ...[] 
 []


Overfull \hbox (12.0pt too wide) in paragraph at lines 1084--1084
[]\TU/lmtt/m/n/10 ##  $ SUM_MEAL_DUR           : num  9720 10823 11949 11738 11
444 ...[] 
 []

[34]
Overfull \hbox (17.25pt too wide) in paragraph at lines 1084--1084
[]\TU/lmtt/m/n/10 ##  $ NFIDURsd               : num  71787 72473 68058 72939 6
8627 ...[] 
 []


Overfull \hbox (12.0pt too wide) in paragraph at lines 1084--1084
[]\TU/lmtt/m/n/10 ##  $ SUMMEALDURsd           : num  9720 10823 11949 11738 11
444 ...[] 
 []

[35]
Overfull \hbox (75.0pt too wide) in paragraph at lines 1126--1126
[]\TU/lmtt/m/n/10 ## Caution: You lose important information if you filter this
 package[]s results.[] 
 []

[36] [37] [38

]
Chapter 9.
[39]
Overfull \hbox (123.35672pt too wide) has occurred while \output is active
\TU/lmr/m/n/10 40 \TU/lmr/m/sl/10 CHAPTER 9.  DISTRIBUTIONS OF DATA: VARIABILIT
Y, PROBABILITY, AND STOCHASTICITY
 []

[40

]
Chapter 10.
[41]
Overfull \hbox (107.80562pt too wide) has occurred while \output is active
\TU/lmr/m/n/10 42 \TU/lmr/m/sl/10 CHAPTER 10.  STANDARD STATISTICS REDRESSED, G
ENERAL LINEAR MODELS, T-TESTS
 []

[42

]
Chapter 11.
[43]
Overfull \hbox (83.80453pt too wide) has occurred while \output is active
\TU/lmr/m/n/10 44 \TU/lmr/m/sl/10 CHAPTER 11.  SIMULATING STOCHASTICITY AND CAL
CULATING POWER ANALYSIS
 []

[44

]
Chapter 12.
[45] [46

]
Chapter 13.
[47]
Overfull \hbox (170.45346pt too wide) has occurred while \output is active
\TU/lmr/m/n/10 48 \TU/lmr/m/sl/10 CHAPTER 13.  MODEL COMPETITION: CHOOSING AMON
GST COMPETING MODELS AND HYPOTHESIS
 []

[48

]
Chapter 14.
(./bookdown-demo.bbl [49] [50

]) [51] (./bookdown-demo.aux)
 ***********
LaTeX2e <2023-11-01> patch level 1
L3 programming layer <2024-02-20>
 ***********

LaTeX Warning: There were undefined references.

 ) 
Here is how much of TeX's memory you used:
 19473 strings out of 474773
 357433 string characters out of 5757724
 1947839 words of memory out of 5000000
 41341 multiletter control sequences out of 15000+600000
 564544 words of font info for 92 fonts, out of 8000000 for 9000
 1348 hyphenation exceptions out of 8191
 90i,8n,121p,2275b,614s stack positions out of 10000i,1000n,20000p,200000b,200000s

Output written on bookdown-demo.pdf (51 pages).
